
*** Running vivado
    with args -log top_bd_rst_ps8_0_99M_0.vds -m64 -product Vivado -mode batch -messageDb vivado.pb -notrace -source top_bd_rst_ps8_0_99M_0.tcl


****** Vivado v2022.2 (64-bit)
  **** SW Build 3671981 on Fri Oct 14 04:59:54 MDT 2022
  **** IP Build 3669848 on Fri Oct 14 08:30:02 MDT 2022
    ** Copyright 1986-2022 Xilinx, Inc. All Rights Reserved.

source top_bd_rst_ps8_0_99M_0.tcl -notrace
create_project: Time (s): cpu = 00:00:07 ; elapsed = 00:00:08 . Memory (MB): peak = 1827.062 ; gain = 89.984 ; free physical = 247582 ; free virtual = 285769
INFO: [IP_Flow 19-6924] IPCACHE: Running cache check for IP inst: top_bd_rst_ps8_0_99M_0
Command: synth_design -top top_bd_rst_ps8_0_99M_0 -part xck26-sfvc784-2LV-c -incremental_mode off -mode out_of_context
Starting synth_design
Attempting to get a license for feature 'Synthesis' and/or device 'xck26'
INFO: [Common 17-349] Got license for feature 'Synthesis' and/or device 'xck26'
INFO: [Device 21-403] Loading part xck26-sfvc784-2LV-c
INFO: [Synth 8-7079] Multithreading enabled for synth_design using a maximum of 4 processes.
INFO: [Synth 8-7078] Launching helper process for spawning children vivado processes
INFO: [Synth 8-7075] Helper process launched with PID 9592
INFO: [Synth 8-11241] undeclared symbol 'REGCCE', assumed default net type 'wire' [/data/cad/Xilinx/Vivado/2022.2/data/verilog/src/unimacro/BRAM_SINGLE_MACRO.v:2170]
---------------------------------------------------------------------------------
Starting RTL Elaboration : Time (s): cpu = 00:00:04 ; elapsed = 00:00:05 . Memory (MB): peak = 3039.789 ; gain = 237.785 ; free physical = 246284 ; free virtual = 284471
Synthesis current peak Physical Memory [PSS] (MB): peak = 2242.031; parent = 2072.207; children = 169.824
Synthesis current peak Virtual Memory [VSS] (MB): peak = 4323.859; parent = 3042.762; children = 1281.098
---------------------------------------------------------------------------------
INFO: [Synth 8-638] synthesizing module 'top_bd_rst_ps8_0_99M_0' [/users/yyang22/thesis/aegnn_project/vivado_dir/sys_acc/sys_acc.gen/sources_1/bd/top_bd/ip/top_bd_rst_ps8_0_99M_0/synth/top_bd_rst_ps8_0_99M_0.vhd:74]
	Parameter C_FAMILY bound to: zynquplus - type: string 
	Parameter C_EXT_RST_WIDTH bound to: 4 - type: integer 
	Parameter C_AUX_RST_WIDTH bound to: 4 - type: integer 
	Parameter C_EXT_RESET_HIGH bound to: 1'b0 
	Parameter C_AUX_RESET_HIGH bound to: 1'b0 
	Parameter C_NUM_BUS_RST bound to: 1 - type: integer 
	Parameter C_NUM_PERP_RST bound to: 1 - type: integer 
	Parameter C_NUM_INTERCONNECT_ARESETN bound to: 1 - type: integer 
	Parameter C_NUM_PERP_ARESETN bound to: 1 - type: integer 
INFO: [Synth 8-3491] module 'proc_sys_reset' declared at '/users/yyang22/thesis/aegnn_project/vivado_dir/sys_acc/sys_acc.gen/sources_1/bd/top_bd/ipshared/8842/hdl/proc_sys_reset_v5_0_vh_rfs.vhd:1264' bound to instance 'U0' of component 'proc_sys_reset' [/users/yyang22/thesis/aegnn_project/vivado_dir/sys_acc/sys_acc.gen/sources_1/bd/top_bd/ip/top_bd_rst_ps8_0_99M_0/synth/top_bd_rst_ps8_0_99M_0.vhd:129]
INFO: [Synth 8-638] synthesizing module 'proc_sys_reset' [/users/yyang22/thesis/aegnn_project/vivado_dir/sys_acc/sys_acc.gen/sources_1/bd/top_bd/ipshared/8842/hdl/proc_sys_reset_v5_0_vh_rfs.vhd:1323]
	Parameter INIT bound to: 1'b1 
INFO: [Synth 8-113] binding component instance 'FDRE_inst' to cell 'FDRE' [/users/yyang22/thesis/aegnn_project/vivado_dir/sys_acc/sys_acc.gen/sources_1/bd/top_bd/ipshared/8842/hdl/proc_sys_reset_v5_0_vh_rfs.vhd:1392]
	Parameter INIT bound to: 1'b1 
INFO: [Synth 8-113] binding component instance 'FDRE_BSR' to cell 'FDRE' [/users/yyang22/thesis/aegnn_project/vivado_dir/sys_acc/sys_acc.gen/sources_1/bd/top_bd/ipshared/8842/hdl/proc_sys_reset_v5_0_vh_rfs.vhd:1408]
	Parameter INIT bound to: 1'b0 
INFO: [Synth 8-113] binding component instance 'FDRE_BSR_N' to cell 'FDRE' [/users/yyang22/thesis/aegnn_project/vivado_dir/sys_acc/sys_acc.gen/sources_1/bd/top_bd/ipshared/8842/hdl/proc_sys_reset_v5_0_vh_rfs.vhd:1434]
	Parameter INIT bound to: 1'b1 
INFO: [Synth 8-113] binding component instance 'FDRE_PER' to cell 'FDRE' [/users/yyang22/thesis/aegnn_project/vivado_dir/sys_acc/sys_acc.gen/sources_1/bd/top_bd/ipshared/8842/hdl/proc_sys_reset_v5_0_vh_rfs.vhd:1457]
	Parameter INIT bound to: 1'b0 
INFO: [Synth 8-113] binding component instance 'FDRE_PER_N' to cell 'FDRE' [/users/yyang22/thesis/aegnn_project/vivado_dir/sys_acc/sys_acc.gen/sources_1/bd/top_bd/ipshared/8842/hdl/proc_sys_reset_v5_0_vh_rfs.vhd:1481]
INFO: [Synth 8-638] synthesizing module 'lpf' [/users/yyang22/thesis/aegnn_project/vivado_dir/sys_acc/sys_acc.gen/sources_1/bd/top_bd/ipshared/8842/hdl/proc_sys_reset_v5_0_vh_rfs.vhd:816]
INFO: [Synth 8-3491] module 'SRL16' declared at '/data/cad/Xilinx/Vivado/2022.2/scripts/rt/data/unisim_comp.v:131628' bound to instance 'POR_SRL_I' of component 'SRL16' [/users/yyang22/thesis/aegnn_project/vivado_dir/sys_acc/sys_acc.gen/sources_1/bd/top_bd/ipshared/8842/hdl/proc_sys_reset_v5_0_vh_rfs.vhd:868]
INFO: [Synth 8-6157] synthesizing module 'SRL16' [/data/cad/Xilinx/Vivado/2022.2/scripts/rt/data/unisim_comp.v:131628]
INFO: [Synth 8-6155] done synthesizing module 'SRL16' (0#1) [/data/cad/Xilinx/Vivado/2022.2/scripts/rt/data/unisim_comp.v:131628]
INFO: [Synth 8-638] synthesizing module 'cdc_sync' [/users/yyang22/thesis/aegnn_project/vivado_dir/sys_acc/sys_acc.gen/sources_1/bd/top_bd/ipshared/ef1e/hdl/lib_cdc_v1_0_rfs.vhd:106]
	Parameter INIT bound to: 1'b0 
INFO: [Synth 8-113] binding component instance 'CROSS_PLEVEL_IN2SCNDRY_IN_cdc_to' to cell 'FDR' [/users/yyang22/thesis/aegnn_project/vivado_dir/sys_acc/sys_acc.gen/sources_1/bd/top_bd/ipshared/ef1e/hdl/lib_cdc_v1_0_rfs.vhd:514]
	Parameter INIT bound to: 1'b0 
INFO: [Synth 8-113] binding component instance 'CROSS_PLEVEL_IN2SCNDRY_s_level_out_d2' to cell 'FDR' [/users/yyang22/thesis/aegnn_project/vivado_dir/sys_acc/sys_acc.gen/sources_1/bd/top_bd/ipshared/ef1e/hdl/lib_cdc_v1_0_rfs.vhd:545]
	Parameter INIT bound to: 1'b0 
INFO: [Synth 8-113] binding component instance 'CROSS_PLEVEL_IN2SCNDRY_s_level_out_d3' to cell 'FDR' [/users/yyang22/thesis/aegnn_project/vivado_dir/sys_acc/sys_acc.gen/sources_1/bd/top_bd/ipshared/ef1e/hdl/lib_cdc_v1_0_rfs.vhd:554]
	Parameter INIT bound to: 1'b0 
INFO: [Synth 8-113] binding component instance 'CROSS_PLEVEL_IN2SCNDRY_s_level_out_d4' to cell 'FDR' [/users/yyang22/thesis/aegnn_project/vivado_dir/sys_acc/sys_acc.gen/sources_1/bd/top_bd/ipshared/ef1e/hdl/lib_cdc_v1_0_rfs.vhd:564]
	Parameter INIT bound to: 1'b0 
INFO: [Synth 8-113] binding component instance 'CROSS_PLEVEL_IN2SCNDRY_s_level_out_d5' to cell 'FDR' [/users/yyang22/thesis/aegnn_project/vivado_dir/sys_acc/sys_acc.gen/sources_1/bd/top_bd/ipshared/ef1e/hdl/lib_cdc_v1_0_rfs.vhd:574]
	Parameter INIT bound to: 1'b0 
INFO: [Synth 8-113] binding component instance 'CROSS_PLEVEL_IN2SCNDRY_s_level_out_d6' to cell 'FDR' [/users/yyang22/thesis/aegnn_project/vivado_dir/sys_acc/sys_acc.gen/sources_1/bd/top_bd/ipshared/ef1e/hdl/lib_cdc_v1_0_rfs.vhd:584]
INFO: [Synth 8-256] done synthesizing module 'cdc_sync' (0#1) [/users/yyang22/thesis/aegnn_project/vivado_dir/sys_acc/sys_acc.gen/sources_1/bd/top_bd/ipshared/ef1e/hdl/lib_cdc_v1_0_rfs.vhd:106]
INFO: [Synth 8-256] done synthesizing module 'lpf' (0#1) [/users/yyang22/thesis/aegnn_project/vivado_dir/sys_acc/sys_acc.gen/sources_1/bd/top_bd/ipshared/8842/hdl/proc_sys_reset_v5_0_vh_rfs.vhd:816]
INFO: [Synth 8-638] synthesizing module 'sequence_psr' [/users/yyang22/thesis/aegnn_project/vivado_dir/sys_acc/sys_acc.gen/sources_1/bd/top_bd/ipshared/8842/hdl/proc_sys_reset_v5_0_vh_rfs.vhd:301]
INFO: [Synth 8-638] synthesizing module 'upcnt_n' [/users/yyang22/thesis/aegnn_project/vivado_dir/sys_acc/sys_acc.gen/sources_1/bd/top_bd/ipshared/8842/hdl/proc_sys_reset_v5_0_vh_rfs.vhd:125]
INFO: [Synth 8-256] done synthesizing module 'upcnt_n' (0#1) [/users/yyang22/thesis/aegnn_project/vivado_dir/sys_acc/sys_acc.gen/sources_1/bd/top_bd/ipshared/8842/hdl/proc_sys_reset_v5_0_vh_rfs.vhd:125]
INFO: [Synth 8-256] done synthesizing module 'sequence_psr' (0#1) [/users/yyang22/thesis/aegnn_project/vivado_dir/sys_acc/sys_acc.gen/sources_1/bd/top_bd/ipshared/8842/hdl/proc_sys_reset_v5_0_vh_rfs.vhd:301]
INFO: [Synth 8-256] done synthesizing module 'proc_sys_reset' (0#1) [/users/yyang22/thesis/aegnn_project/vivado_dir/sys_acc/sys_acc.gen/sources_1/bd/top_bd/ipshared/8842/hdl/proc_sys_reset_v5_0_vh_rfs.vhd:1323]
INFO: [Synth 8-256] done synthesizing module 'top_bd_rst_ps8_0_99M_0' (0#1) [/users/yyang22/thesis/aegnn_project/vivado_dir/sys_acc/sys_acc.gen/sources_1/bd/top_bd/ip/top_bd_rst_ps8_0_99M_0/synth/top_bd_rst_ps8_0_99M_0.vhd:74]
WARNING: [Synth 8-7129] Port prmry_aclk in module cdc_sync is either unconnected or has no load
WARNING: [Synth 8-7129] Port prmry_resetn in module cdc_sync is either unconnected or has no load
WARNING: [Synth 8-7129] Port prmry_vect_in[1] in module cdc_sync is either unconnected or has no load
WARNING: [Synth 8-7129] Port prmry_vect_in[0] in module cdc_sync is either unconnected or has no load
WARNING: [Synth 8-7129] Port scndry_resetn in module cdc_sync is either unconnected or has no load
---------------------------------------------------------------------------------
Finished RTL Elaboration : Time (s): cpu = 00:00:06 ; elapsed = 00:00:07 . Memory (MB): peak = 3110.742 ; gain = 308.738 ; free physical = 246374 ; free virtual = 284561
Synthesis current peak Physical Memory [PSS] (MB): peak = 2242.031; parent = 2072.207; children = 169.824
Synthesis current peak Virtual Memory [VSS] (MB): peak = 4391.828; parent = 3110.730; children = 1281.098
---------------------------------------------------------------------------------
---------------------------------------------------------------------------------
Start Handling Custom Attributes
---------------------------------------------------------------------------------
---------------------------------------------------------------------------------
Finished Handling Custom Attributes : Time (s): cpu = 00:00:06 ; elapsed = 00:00:07 . Memory (MB): peak = 3125.574 ; gain = 323.570 ; free physical = 246377 ; free virtual = 284564
Synthesis current peak Physical Memory [PSS] (MB): peak = 2242.031; parent = 2072.207; children = 169.824
Synthesis current peak Virtual Memory [VSS] (MB): peak = 4406.672; parent = 3125.574; children = 1281.098
---------------------------------------------------------------------------------
---------------------------------------------------------------------------------
Finished RTL Optimization Phase 1 : Time (s): cpu = 00:00:06 ; elapsed = 00:00:07 . Memory (MB): peak = 3125.574 ; gain = 323.570 ; free physical = 246377 ; free virtual = 284564
Synthesis current peak Physical Memory [PSS] (MB): peak = 2242.031; parent = 2072.207; children = 169.824
Synthesis current peak Virtual Memory [VSS] (MB): peak = 4406.672; parent = 3125.574; children = 1281.098
---------------------------------------------------------------------------------
Netlist sorting complete. Time (s): cpu = 00:00:00 ; elapsed = 00:00:00 . Memory (MB): peak = 3139.512 ; gain = 0.000 ; free physical = 246372 ; free virtual = 284559
INFO: [Netlist 29-17] Analyzing 13 Unisim elements for replacement
INFO: [Netlist 29-28] Unisim Transformation completed in 0 CPU seconds
INFO: [Project 1-570] Preparing netlist for logic optimization

Processing XDC Constraints
Initializing timing engine
Parsing XDC File [/users/yyang22/thesis/aegnn_project/vivado_dir/sys_acc/sys_acc.gen/sources_1/bd/top_bd/ip/top_bd_rst_ps8_0_99M_0/top_bd_rst_ps8_0_99M_0_ooc.xdc] for cell 'U0'
Finished Parsing XDC File [/users/yyang22/thesis/aegnn_project/vivado_dir/sys_acc/sys_acc.gen/sources_1/bd/top_bd/ip/top_bd_rst_ps8_0_99M_0/top_bd_rst_ps8_0_99M_0_ooc.xdc] for cell 'U0'
Parsing XDC File [/users/yyang22/thesis/aegnn_project/vivado_dir/sys_acc/sys_acc.gen/sources_1/bd/top_bd/ip/top_bd_rst_ps8_0_99M_0/top_bd_rst_ps8_0_99M_0_board.xdc] for cell 'U0'
Finished Parsing XDC File [/users/yyang22/thesis/aegnn_project/vivado_dir/sys_acc/sys_acc.gen/sources_1/bd/top_bd/ip/top_bd_rst_ps8_0_99M_0/top_bd_rst_ps8_0_99M_0_board.xdc] for cell 'U0'
Parsing XDC File [/users/yyang22/thesis/aegnn_project/vivado_dir/sys_acc/sys_acc.gen/sources_1/bd/top_bd/ip/top_bd_rst_ps8_0_99M_0/top_bd_rst_ps8_0_99M_0.xdc] for cell 'U0'
Finished Parsing XDC File [/users/yyang22/thesis/aegnn_project/vivado_dir/sys_acc/sys_acc.gen/sources_1/bd/top_bd/ip/top_bd_rst_ps8_0_99M_0/top_bd_rst_ps8_0_99M_0.xdc] for cell 'U0'
Parsing XDC File [/users/yyang22/thesis/aegnn_project/vivado_dir/sys_acc/sys_acc.runs/top_bd_rst_ps8_0_99M_0_synth_1/dont_touch.xdc]
Finished Parsing XDC File [/users/yyang22/thesis/aegnn_project/vivado_dir/sys_acc/sys_acc.runs/top_bd_rst_ps8_0_99M_0_synth_1/dont_touch.xdc]
Completed Processing XDC Constraints

Netlist sorting complete. Time (s): cpu = 00:00:00 ; elapsed = 00:00:00 . Memory (MB): peak = 3287.355 ; gain = 0.000 ; free physical = 246227 ; free virtual = 284414
INFO: [Project 1-111] Unisim Transformation Summary:
  A total of 13 instances were transformed.
  FDR => FDRE: 12 instances
  SRL16 => SRL16E: 1 instance 

Constraint Validation Runtime : Time (s): cpu = 00:00:00.03 ; elapsed = 00:00:00.03 . Memory (MB): peak = 3287.359 ; gain = 0.004 ; free physical = 246227 ; free virtual = 284414
INFO: [Designutils 20-5008] Incremental synthesis strategy off
INFO: [Synth 8-11241] undeclared symbol 'REGCCE', assumed default net type 'wire' [/data/cad/Xilinx/Vivado/2022.2/data/verilog/src/unimacro/BRAM_SINGLE_MACRO.v:2170]
---------------------------------------------------------------------------------
Finished Constraint Validation : Time (s): cpu = 00:00:18 ; elapsed = 00:00:20 . Memory (MB): peak = 3287.359 ; gain = 485.355 ; free physical = 246352 ; free virtual = 284539
Synthesis current peak Physical Memory [PSS] (MB): peak = 2296.897; parent = 2127.079; children = 169.824
Synthesis current peak Virtual Memory [VSS] (MB): peak = 4568.453; parent = 3287.355; children = 1281.098
---------------------------------------------------------------------------------
---------------------------------------------------------------------------------
Start Loading Part and Timing Information
---------------------------------------------------------------------------------
Loading part: xck26-sfvc784-2LV-c
INFO: [Synth 8-6742] Reading net delay rules and data
---------------------------------------------------------------------------------
Finished Loading Part and Timing Information : Time (s): cpu = 00:00:18 ; elapsed = 00:00:20 . Memory (MB): peak = 3287.359 ; gain = 485.355 ; free physical = 246352 ; free virtual = 284539
Synthesis current peak Physical Memory [PSS] (MB): peak = 2296.897; parent = 2127.079; children = 169.824
Synthesis current peak Virtual Memory [VSS] (MB): peak = 4568.453; parent = 3287.355; children = 1281.098
---------------------------------------------------------------------------------
---------------------------------------------------------------------------------
Start Applying 'set_property' XDC Constraints
---------------------------------------------------------------------------------
Applied set_property KEEP_HIERARCHY = SOFT for U0. (constraint file  /users/yyang22/thesis/aegnn_project/vivado_dir/sys_acc/sys_acc.runs/top_bd_rst_ps8_0_99M_0_synth_1/dont_touch.xdc, line 9).
---------------------------------------------------------------------------------
Finished applying 'set_property' XDC Constraints : Time (s): cpu = 00:00:18 ; elapsed = 00:00:21 . Memory (MB): peak = 3287.359 ; gain = 485.355 ; free physical = 246352 ; free virtual = 284539
Synthesis current peak Physical Memory [PSS] (MB): peak = 2296.897; parent = 2127.079; children = 169.824
Synthesis current peak Virtual Memory [VSS] (MB): peak = 4568.453; parent = 3287.355; children = 1281.098
---------------------------------------------------------------------------------
---------------------------------------------------------------------------------
Finished RTL Optimization Phase 2 : Time (s): cpu = 00:00:18 ; elapsed = 00:00:21 . Memory (MB): peak = 3287.359 ; gain = 485.355 ; free physical = 246348 ; free virtual = 284536
Synthesis current peak Physical Memory [PSS] (MB): peak = 2296.897; parent = 2127.079; children = 169.824
Synthesis current peak Virtual Memory [VSS] (MB): peak = 4568.453; parent = 3287.355; children = 1281.098
---------------------------------------------------------------------------------
---------------------------------------------------------------------------------
Start RTL Component Statistics 
---------------------------------------------------------------------------------
Detailed RTL Component Info : 
+---Adders : 
	   2 Input    6 Bit       Adders := 1     
+---Registers : 
	                6 Bit    Registers := 1     
	                3 Bit    Registers := 3     
	                1 Bit    Registers := 8     
+---Muxes : 
	   2 Input    6 Bit        Muxes := 1     
	   2 Input    1 Bit        Muxes := 1     
---------------------------------------------------------------------------------
Finished RTL Component Statistics 
---------------------------------------------------------------------------------
---------------------------------------------------------------------------------
Start Part Resource Summary
---------------------------------------------------------------------------------
Part Resources:
DSPs: 1248 (col length:96)
BRAMs: 288 (col length: RAMB18 96 RAMB36 48)
---------------------------------------------------------------------------------
Finished Part Resource Summary
---------------------------------------------------------------------------------
---------------------------------------------------------------------------------
Start Cross Boundary and Area Optimization
---------------------------------------------------------------------------------
WARNING: [Synth 8-7080] Parallel synthesis criteria is not met
WARNING: [Synth 8-3332] Sequential element (EXT_LPF/ACTIVE_LOW_EXT.ACT_LO_EXT/GENERATE_LEVEL_P_S_CDC.SINGLE_BIT.CROSS_PLEVEL_IN2SCNDRY_s_level_out_d5) is unused and will be removed from module proc_sys_reset.
WARNING: [Synth 8-3332] Sequential element (EXT_LPF/ACTIVE_LOW_EXT.ACT_LO_EXT/GENERATE_LEVEL_P_S_CDC.SINGLE_BIT.CROSS_PLEVEL_IN2SCNDRY_s_level_out_d6) is unused and will be removed from module proc_sys_reset.
WARNING: [Synth 8-3332] Sequential element (EXT_LPF/ACTIVE_LOW_AUX.ACT_LO_AUX/GENERATE_LEVEL_P_S_CDC.SINGLE_BIT.CROSS_PLEVEL_IN2SCNDRY_s_level_out_d5) is unused and will be removed from module proc_sys_reset.
WARNING: [Synth 8-3332] Sequential element (EXT_LPF/ACTIVE_LOW_AUX.ACT_LO_AUX/GENERATE_LEVEL_P_S_CDC.SINGLE_BIT.CROSS_PLEVEL_IN2SCNDRY_s_level_out_d6) is unused and will be removed from module proc_sys_reset.
---------------------------------------------------------------------------------
Finished Cross Boundary and Area Optimization : Time (s): cpu = 00:00:19 ; elapsed = 00:00:22 . Memory (MB): peak = 3287.359 ; gain = 485.355 ; free physical = 246335 ; free virtual = 284527
Synthesis current peak Physical Memory [PSS] (MB): peak = 2296.897; parent = 2127.079; children = 169.824
Synthesis current peak Virtual Memory [VSS] (MB): peak = 4568.453; parent = 3287.355; children = 1281.098
---------------------------------------------------------------------------------
---------------------------------------------------------------------------------
Start Applying XDC Timing Constraints
---------------------------------------------------------------------------------
---------------------------------------------------------------------------------
Finished Applying XDC Timing Constraints : Time (s): cpu = 00:00:32 ; elapsed = 00:00:39 . Memory (MB): peak = 3661.047 ; gain = 859.043 ; free physical = 245759 ; free virtual = 283951
Synthesis current peak Physical Memory [PSS] (MB): peak = 2796.114; parent = 2626.298; children = 169.824
Synthesis current peak Virtual Memory [VSS] (MB): peak = 4942.141; parent = 3661.043; children = 1281.098
---------------------------------------------------------------------------------
---------------------------------------------------------------------------------
Start Timing Optimization
---------------------------------------------------------------------------------
---------------------------------------------------------------------------------
Finished Timing Optimization : Time (s): cpu = 00:00:32 ; elapsed = 00:00:39 . Memory (MB): peak = 3661.047 ; gain = 859.043 ; free physical = 245759 ; free virtual = 283950
Synthesis current peak Physical Memory [PSS] (MB): peak = 2796.567; parent = 2626.751; children = 169.824
Synthesis current peak Virtual Memory [VSS] (MB): peak = 4942.141; parent = 3661.043; children = 1281.098
---------------------------------------------------------------------------------
---------------------------------------------------------------------------------
Start Technology Mapping
---------------------------------------------------------------------------------
---------------------------------------------------------------------------------
Finished Technology Mapping : Time (s): cpu = 00:00:32 ; elapsed = 00:00:39 . Memory (MB): peak = 3690.086 ; gain = 888.082 ; free physical = 245757 ; free virtual = 283949
Synthesis current peak Physical Memory [PSS] (MB): peak = 2797.157; parent = 2627.343; children = 169.824
Synthesis current peak Virtual Memory [VSS] (MB): peak = 4971.188; parent = 3690.090; children = 1281.098
---------------------------------------------------------------------------------
---------------------------------------------------------------------------------
Start IO Insertion
---------------------------------------------------------------------------------
---------------------------------------------------------------------------------
Start Flattening Before IO Insertion
---------------------------------------------------------------------------------
---------------------------------------------------------------------------------
Finished Flattening Before IO Insertion
---------------------------------------------------------------------------------
---------------------------------------------------------------------------------
Start Final Netlist Cleanup
---------------------------------------------------------------------------------
---------------------------------------------------------------------------------
Finished Final Netlist Cleanup
---------------------------------------------------------------------------------
---------------------------------------------------------------------------------
Finished IO Insertion : Time (s): cpu = 00:00:35 ; elapsed = 00:00:43 . Memory (MB): peak = 3690.090 ; gain = 888.086 ; free physical = 245757 ; free virtual = 283949
Synthesis current peak Physical Memory [PSS] (MB): peak = 2797.458; parent = 2627.644; children = 169.824
Synthesis current peak Virtual Memory [VSS] (MB): peak = 4971.188; parent = 3690.090; children = 1281.098
---------------------------------------------------------------------------------
---------------------------------------------------------------------------------
Start Renaming Generated Instances
---------------------------------------------------------------------------------
---------------------------------------------------------------------------------
Finished Renaming Generated Instances : Time (s): cpu = 00:00:35 ; elapsed = 00:00:43 . Memory (MB): peak = 3690.090 ; gain = 888.086 ; free physical = 245757 ; free virtual = 283949
Synthesis current peak Physical Memory [PSS] (MB): peak = 2797.489; parent = 2627.675; children = 169.824
Synthesis current peak Virtual Memory [VSS] (MB): peak = 4971.188; parent = 3690.090; children = 1281.098
---------------------------------------------------------------------------------
---------------------------------------------------------------------------------
Start Rebuilding User Hierarchy
---------------------------------------------------------------------------------
---------------------------------------------------------------------------------
Finished Rebuilding User Hierarchy : Time (s): cpu = 00:00:35 ; elapsed = 00:00:43 . Memory (MB): peak = 3690.090 ; gain = 888.086 ; free physical = 245757 ; free virtual = 283949
Synthesis current peak Physical Memory [PSS] (MB): peak = 2797.571; parent = 2627.757; children = 169.824
Synthesis current peak Virtual Memory [VSS] (MB): peak = 4971.188; parent = 3690.090; children = 1281.098
---------------------------------------------------------------------------------
---------------------------------------------------------------------------------
Start Renaming Generated Ports
---------------------------------------------------------------------------------
---------------------------------------------------------------------------------
Finished Renaming Generated Ports : Time (s): cpu = 00:00:35 ; elapsed = 00:00:43 . Memory (MB): peak = 3690.090 ; gain = 888.086 ; free physical = 245757 ; free virtual = 283949
Synthesis current peak Physical Memory [PSS] (MB): peak = 2797.583; parent = 2627.769; children = 169.824
Synthesis current peak Virtual Memory [VSS] (MB): peak = 4971.188; parent = 3690.090; children = 1281.098
---------------------------------------------------------------------------------
---------------------------------------------------------------------------------
Start Handling Custom Attributes
---------------------------------------------------------------------------------
---------------------------------------------------------------------------------
Finished Handling Custom Attributes : Time (s): cpu = 00:00:36 ; elapsed = 00:00:43 . Memory (MB): peak = 3690.090 ; gain = 888.086 ; free physical = 245757 ; free virtual = 283949
Synthesis current peak Physical Memory [PSS] (MB): peak = 2797.614; parent = 2627.800; children = 169.824
Synthesis current peak Virtual Memory [VSS] (MB): peak = 4971.188; parent = 3690.090; children = 1281.098
---------------------------------------------------------------------------------
---------------------------------------------------------------------------------
Start Renaming Generated Nets
---------------------------------------------------------------------------------
---------------------------------------------------------------------------------
Finished Renaming Generated Nets : Time (s): cpu = 00:00:36 ; elapsed = 00:00:43 . Memory (MB): peak = 3690.090 ; gain = 888.086 ; free physical = 245757 ; free virtual = 283949
Synthesis current peak Physical Memory [PSS] (MB): peak = 2797.630; parent = 2627.815; children = 169.824
Synthesis current peak Virtual Memory [VSS] (MB): peak = 4971.188; parent = 3690.090; children = 1281.098
---------------------------------------------------------------------------------
---------------------------------------------------------------------------------
Start Writing Synthesis Report
---------------------------------------------------------------------------------

Report BlackBoxes: 
+-+--------------+----------+
| |BlackBox name |Instances |
+-+--------------+----------+
+-+--------------+----------+

Report Cell Usage: 
+------+------+------+
|      |Cell  |Count |
+------+------+------+
|1     |LUT1  |     5|
|2     |LUT2  |     9|
|3     |LUT3  |     1|
|4     |LUT4  |     6|
|5     |LUT5  |     3|
|6     |LUT6  |     1|
|7     |SRL16 |     1|
|8     |FDR   |     8|
|9     |FDRE  |    28|
|10    |FDSE  |     4|
+------+------+------+
---------------------------------------------------------------------------------
Finished Writing Synthesis Report : Time (s): cpu = 00:00:36 ; elapsed = 00:00:43 . Memory (MB): peak = 3690.090 ; gain = 888.086 ; free physical = 245757 ; free virtual = 283949
Synthesis current peak Physical Memory [PSS] (MB): peak = 2797.708; parent = 2627.894; children = 169.824
Synthesis current peak Virtual Memory [VSS] (MB): peak = 4971.188; parent = 3690.090; children = 1281.098
---------------------------------------------------------------------------------
Synthesis finished with 0 errors, 0 critical warnings and 5 warnings.
Synthesis Optimization Runtime : Time (s): cpu = 00:00:29 ; elapsed = 00:00:36 . Memory (MB): peak = 3690.090 ; gain = 726.301 ; free physical = 245800 ; free virtual = 283992
Synthesis Optimization Complete : Time (s): cpu = 00:00:36 ; elapsed = 00:00:43 . Memory (MB): peak = 3690.094 ; gain = 888.086 ; free physical = 245800 ; free virtual = 283992
INFO: [Project 1-571] Translating synthesized netlist
Netlist sorting complete. Time (s): cpu = 00:00:00 ; elapsed = 00:00:00 . Memory (MB): peak = 3690.094 ; gain = 0.000 ; free physical = 245794 ; free virtual = 283986
INFO: [Netlist 29-17] Analyzing 9 Unisim elements for replacement
INFO: [Netlist 29-28] Unisim Transformation completed in 0 CPU seconds
INFO: [Project 1-570] Preparing netlist for logic optimization
INFO: [Opt 31-138] Pushed 0 inverter(s) to 0 load pin(s).
Netlist sorting complete. Time (s): cpu = 00:00:00 ; elapsed = 00:00:00 . Memory (MB): peak = 3743.820 ; gain = 0.000 ; free physical = 245837 ; free virtual = 284028
INFO: [Project 1-111] Unisim Transformation Summary:
  A total of 9 instances were transformed.
  FDR => FDRE: 8 instances
  SRL16 => SRL16E: 1 instance 

Synth Design complete, checksum: 50924975
INFO: [Common 17-83] Releasing license: Synthesis
48 Infos, 10 Warnings, 0 Critical Warnings and 0 Errors encountered.
synth_design completed successfully
synth_design: Time (s): cpu = 00:00:47 ; elapsed = 00:00:55 . Memory (MB): peak = 3743.820 ; gain = 1849.129 ; free physical = 246048 ; free virtual = 284240
INFO: [Common 17-1381] The checkpoint '/users/yyang22/thesis/aegnn_project/vivado_dir/sys_acc/sys_acc.runs/top_bd_rst_ps8_0_99M_0_synth_1/top_bd_rst_ps8_0_99M_0.dcp' has been generated.
INFO: [Coretcl 2-1648] Added synthesis output to IP cache for IP top_bd_rst_ps8_0_99M_0, cache-ID = 50cdd929db13b7ae
INFO: [Coretcl 2-1174] Renamed 6 cell refs.
INFO: [Common 17-1381] The checkpoint '/users/yyang22/thesis/aegnn_project/vivado_dir/sys_acc/sys_acc.runs/top_bd_rst_ps8_0_99M_0_synth_1/top_bd_rst_ps8_0_99M_0.dcp' has been generated.
INFO: [runtcl-4] Executing : report_utilization -file top_bd_rst_ps8_0_99M_0_utilization_synth.rpt -pb top_bd_rst_ps8_0_99M_0_utilization_synth.pb
INFO: [Common 17-206] Exiting Vivado at Tue Jun 27 22:43:18 2023...
