Copyright 1986-2022 Xilinx, Inc. All Rights Reserved.
-------------------------------------------------------------------------------------------------------------------------
| Tool Version : Vivado v.2022.2 (lin64) Build 3671981 Fri Oct 14 04:59:54 MDT 2022
| Date         : Tue Jun 27 23:09:47 2023
| Host         : warp02.ewi.tudelft.nl running 64-bit Red Hat Enterprise Linux Server release 7.9 (Maipo)
| Command      : report_utilization -file top_bd_wrapper_utilization_placed.rpt -pb top_bd_wrapper_utilization_placed.pb
| Design       : top_bd_wrapper
| Device       : xck26-sfvc784-2LV-c
| Speed File   : -2LV
| Design State : Fully Placed
-------------------------------------------------------------------------------------------------------------------------

Utilization Design Information

Table of Contents
-----------------
1. CLB Logic
1.1 Summary of Registers by Type
2. CLB Logic Distribution
3. BLOCKRAM
4. ARITHMETIC
5. I/O
6. CLOCK
7. ADVANCED
8. CONFIGURATION
9. Primitives
10. Black Boxes
11. Instantiated Netlists

1. CLB Logic
------------

+----------------------------+-------+-------+------------+-----------+-------+
|          Site Type         |  Used | Fixed | Prohibited | Available | Util% |
+----------------------------+-------+-------+------------+-----------+-------+
| CLB LUTs                   | 36352 |     0 |          0 |    117120 | 31.04 |
|   LUT as Logic             | 35430 |     0 |          0 |    117120 | 30.25 |
|   LUT as Memory            |   922 |     0 |          0 |     57600 |  1.60 |
|     LUT as Distributed RAM |   324 |     0 |            |           |       |
|     LUT as Shift Register  |   598 |     0 |            |           |       |
| CLB Registers              | 29360 |     0 |          0 |    234240 | 12.53 |
|   Register as Flip Flop    | 29360 |     0 |          0 |    234240 | 12.53 |
|   Register as Latch        |     0 |     0 |          0 |    234240 |  0.00 |
| CARRY8                     |  4188 |     0 |          0 |     14640 | 28.61 |
| F7 Muxes                   |   210 |     0 |          0 |     58560 |  0.36 |
| F8 Muxes                   |    35 |     0 |          0 |     29280 |  0.12 |
| F9 Muxes                   |     0 |     0 |          0 |     14640 |  0.00 |
+----------------------------+-------+-------+------------+-----------+-------+
* Warning! LUT value is adjusted to account for LUT combining.


1.1 Summary of Registers by Type
--------------------------------

+-------+--------------+-------------+--------------+
| Total | Clock Enable | Synchronous | Asynchronous |
+-------+--------------+-------------+--------------+
| 0     |            _ |           - |            - |
| 0     |            _ |           - |          Set |
| 0     |            _ |           - |        Reset |
| 0     |            _ |         Set |            - |
| 0     |            _ |       Reset |            - |
| 0     |          Yes |           - |            - |
| 41    |          Yes |           - |          Set |
| 211   |          Yes |           - |        Reset |
| 699   |          Yes |         Set |            - |
| 28409 |          Yes |       Reset |            - |
+-------+--------------+-------------+--------------+


2. CLB Logic Distribution
-------------------------

+--------------------------------------------+-------+-------+------------+-----------+-------+
|                  Site Type                 |  Used | Fixed | Prohibited | Available | Util% |
+--------------------------------------------+-------+-------+------------+-----------+-------+
| CLB                                        |  7276 |     0 |          0 |     14640 | 49.70 |
|   CLBL                                     |  3600 |     0 |            |           |       |
|   CLBM                                     |  3676 |     0 |            |           |       |
| LUT as Logic                               | 35430 |     0 |          0 |    117120 | 30.25 |
|   using O5 output only                     |   342 |       |            |           |       |
|   using O6 output only                     | 22997 |       |            |           |       |
|   using O5 and O6                          | 12091 |       |            |           |       |
| LUT as Memory                              |   922 |     0 |          0 |     57600 |  1.60 |
|   LUT as Distributed RAM                   |   324 |     0 |            |           |       |
|     using O5 output only                   |     0 |       |            |           |       |
|     using O6 output only                   |     0 |       |            |           |       |
|     using O5 and O6                        |   324 |       |            |           |       |
|   LUT as Shift Register                    |   598 |     0 |            |           |       |
|     using O5 output only                   |     0 |       |            |           |       |
|     using O6 output only                   |   400 |       |            |           |       |
|     using O5 and O6                        |   198 |       |            |           |       |
| CLB Registers                              | 29360 |     0 |          0 |    234240 | 12.53 |
|   Register driven from within the CLB      | 15749 |       |            |           |       |
|   Register driven from outside the CLB     | 13611 |       |            |           |       |
|     LUT in front of the register is unused | 11107 |       |            |           |       |
|     LUT in front of the register is used   |  2504 |       |            |           |       |
| Unique Control Sets                        |   612 |       |          0 |     29280 |  2.09 |
+--------------------------------------------+-------+-------+------------+-----------+-------+
* * Note: Available Control Sets calculated as Slices * 2, Review the Control Sets Report for more information regarding control sets.


3. BLOCKRAM
-----------

+-------------------+------+-------+------------+-----------+-------+
|     Site Type     | Used | Fixed | Prohibited | Available | Util% |
+-------------------+------+-------+------------+-----------+-------+
| Block RAM Tile    |   35 |     0 |          0 |       144 | 24.31 |
|   RAMB36/FIFO*    |   35 |     0 |          0 |       144 | 24.31 |
|     RAMB36E2 only |   35 |       |            |           |       |
|   RAMB18          |    0 |     0 |          0 |       288 |  0.00 |
| URAM              |   48 |     0 |          0 |        64 | 75.00 |
+-------------------+------+-------+------------+-----------+-------+
* Note: Each Block RAM Tile only has one FIFO logic available and therefore can accommodate only one FIFO36E2 or one FIFO18E2. However, if a FIFO18E2 occupies a Block RAM Tile, that tile can still accommodate a RAMB18E2


4. ARITHMETIC
-------------

+----------------+------+-------+------------+-----------+-------+
|    Site Type   | Used | Fixed | Prohibited | Available | Util% |
+----------------+------+-------+------------+-----------+-------+
| DSPs           |  228 |     0 |          0 |      1248 | 18.27 |
|   DSP48E2 only |  228 |       |            |           |       |
+----------------+------+-------+------------+-----------+-------+


5. I/O
------

+------------------+------+-------+------------+-----------+-------+
|     Site Type    | Used | Fixed | Prohibited | Available | Util% |
+------------------+------+-------+------------+-----------+-------+
| Bonded IOB       |    0 |     0 |          0 |       189 |  0.00 |
| HPIOB_M          |    0 |     0 |          0 |        58 |  0.00 |
| HPIOB_S          |    0 |     0 |          0 |        58 |  0.00 |
| HDIOB_M          |    0 |     0 |          0 |        35 |  0.00 |
| HDIOB_S          |    0 |     0 |          0 |        35 |  0.00 |
| HPIOB_SNGL       |    0 |     0 |          0 |         3 |  0.00 |
| HPIOBDIFFINBUF   |    0 |     0 |          0 |        82 |  0.00 |
| HPIOBDIFFOUTBUF  |    0 |     0 |          0 |        82 |  0.00 |
| HDIOBDIFFINBUF   |    0 |     0 |          0 |        35 |  0.00 |
| BITSLICE_CONTROL |    0 |     0 |          0 |        32 |  0.00 |
| BITSLICE_RX_TX   |    0 |     0 |          0 |      1248 |  0.00 |
| BITSLICE_TX      |    0 |     0 |          0 |        32 |  0.00 |
| RIU_OR           |    0 |     0 |          0 |        16 |  0.00 |
+------------------+------+-------+------------+-----------+-------+


6. CLOCK
--------

+----------------------+------+-------+------------+-----------+-------+
|       Site Type      | Used | Fixed | Prohibited | Available | Util% |
+----------------------+------+-------+------------+-----------+-------+
| GLOBAL CLOCK BUFFERs |   10 |     0 |          0 |       352 |  2.84 |
|   BUFGCE             |    9 |     0 |          0 |       112 |  8.04 |
|   BUFGCE_DIV         |    0 |     0 |          0 |        16 |  0.00 |
|   BUFG_GT            |    0 |     0 |          0 |        96 |  0.00 |
|   BUFG_PS            |    1 |     0 |          0 |        96 |  1.04 |
|   BUFGCTRL*          |    0 |     0 |          0 |        32 |  0.00 |
| PLL                  |    0 |     0 |          0 |         8 |  0.00 |
| MMCM                 |    0 |     0 |          0 |         4 |  0.00 |
+----------------------+------+-------+------------+-----------+-------+
* Note: Each used BUFGCTRL counts as two GLOBAL CLOCK BUFFERs. This table does not include global clocking resources, only buffer cell usage. See the Clock Utilization Report (report_clock_utilization) for detailed accounting of global clocking resource availability.


7. ADVANCED
-----------

+-----------------+------+-------+------------+-----------+--------+
|    Site Type    | Used | Fixed | Prohibited | Available |  Util% |
+-----------------+------+-------+------------+-----------+--------+
| GTHE4_CHANNEL   |    0 |     0 |          0 |         4 |   0.00 |
| GTHE4_COMMON    |    0 |     0 |          0 |         1 |   0.00 |
| OBUFDS_GTE4     |    0 |     0 |          0 |         2 |   0.00 |
| OBUFDS_GTE4_ADV |    0 |     0 |          0 |         2 |   0.00 |
| PCIE40E4        |    0 |     0 |          0 |         2 |   0.00 |
| PS8             |    1 |     0 |          0 |         1 | 100.00 |
| SYSMONE4        |    0 |     0 |          0 |         1 |   0.00 |
| VCU             |    0 |     0 |          0 |         1 |   0.00 |
+-----------------+------+-------+------------+-----------+--------+


8. CONFIGURATION
----------------

+-------------+------+-------+------------+-----------+-------+
|  Site Type  | Used | Fixed | Prohibited | Available | Util% |
+-------------+------+-------+------------+-----------+-------+
| BSCANE2     |    1 |     0 |          0 |         4 | 25.00 |
| DNA_PORTE2  |    0 |     0 |          0 |         1 |  0.00 |
| EFUSE_USR   |    0 |     0 |          0 |         1 |  0.00 |
| FRAME_ECCE4 |    0 |     0 |          0 |         1 |  0.00 |
| ICAPE3      |    0 |     0 |          0 |         2 |  0.00 |
| MASTER_JTAG |    0 |     0 |          0 |         1 |  0.00 |
| STARTUPE3   |    0 |     0 |          0 |         1 |  0.00 |
+-------------+------+-------+------------+-----------+-------+


9. Primitives
-------------

+----------+-------+---------------------+
| Ref Name |  Used | Functional Category |
+----------+-------+---------------------+
| FDRE     | 28409 |            Register |
| LUT2     | 20751 |                 CLB |
| LUT4     | 10379 |                 CLB |
| LUT1     |  8120 |                 CLB |
| LUT3     |  4496 |                 CLB |
| CARRY8   |  4188 |                 CLB |
| LUT6     |  2301 |                 CLB |
| LUT5     |  1474 |                 CLB |
| FDSE     |   699 |            Register |
| RAMD32   |   568 |                 CLB |
| SRLC32E  |   470 |                 CLB |
| SRL16E   |   324 |                 CLB |
| DSP48E2  |   228 |          Arithmetic |
| FDCE     |   211 |            Register |
| MUXF7    |   210 |                 CLB |
| RAMS32   |    80 |                 CLB |
| URAM288  |    48 |            BLOCKRAM |
| FDPE     |    41 |            Register |
| RAMB36E2 |    35 |            BLOCKRAM |
| MUXF8    |    35 |                 CLB |
| BUFGCE   |     9 |               Clock |
| SRLC16E  |     2 |                 CLB |
| PS8      |     1 |            Advanced |
| BUFG_PS  |     1 |               Clock |
| BSCANE2  |     1 |       Configuration |
+----------+-------+---------------------+


10. Black Boxes
---------------

+----------+------+
| Ref Name | Used |
+----------+------+


11. Instantiated Netlists
-------------------------

+----------------------------+------+
|          Ref Name          | Used |
+----------------------------+------+
| top_bd_zynq_ultra_ps_e_0_0 |    1 |
| top_bd_top_0_0             |    1 |
| top_bd_rst_ps8_0_99M_0     |    1 |
| top_bd_ila_0_0             |    1 |
| top_bd_axi_smc_0           |    1 |
| top_bd_auto_pc_0           |    1 |
| dbg_hub                    |    1 |
+----------------------------+------+


